TN:
SF:src/index_initial.ts
FN:1,add
FNF:1
FNH:1
FNDA:1,add
DA:1,1
DA:2,1
LF:2
LH:2
BRF:0
BRH:0
end_of_record
TN:
SF:src/Note_app/Notes/note.ts
FN:11,(anonymous_0)
FN:17,(anonymous_1)
FN:24,(anonymous_2)
FN:32,(anonymous_3)
FN:39,(anonymous_4)
FN:47,(anonymous_5)
FN:54,(anonymous_6)
FNF:7
FNH:7
FNDA:2,(anonymous_0)
FNDA:2,(anonymous_1)
FNDA:1,(anonymous_2)
FNDA:2,(anonymous_3)
FNDA:1,(anonymous_4)
FNDA:2,(anonymous_5)
FNDA:1,(anonymous_6)
DA:4,1
DA:11,2
DA:18,2
DA:25,1
DA:33,2
DA:40,1
DA:48,2
DA:55,1
LF:8
LH:8
BRF:0
BRH:0
end_of_record
TN:
SF:src/Server/eventEmitterServer.ts
FN:4,(anonymous_0)
FN:8,(anonymous_1)
FNF:2
FNH:2
FNDA:1,(anonymous_0)
FNDA:3,(anonymous_1)
DA:1,1
DA:3,1
DA:5,1
DA:7,1
DA:8,1
DA:9,3
DA:11,3
DA:12,3
DA:13,1
DA:14,1
DA:15,1
DA:16,1
LF:12
LH:12
BRF:0
BRH:0
end_of_record
